Using pre-set license
Built from '2020.3/release' branch; Version is '2020.3.15f2 (6cf78cb77498) revision 7141260'; Using compiler version '192528614'; Build Type 'Release'
OS: 'Windows 10 Home Single Language; OS build 19042.1110; Version 2009; 64bit' Language: 'es' Physical Memory: 16188 MB
BatchMode: 1, IsHumanControllingUs: 0, StartBugReporterOnCrash: 0, Is64bit: 1, IsPro: 0

 COMMAND LINE ARGUMENTS:
C:\Program Files\Unity\Hub\Editor\2020.3.15f2\Editor\Unity.exe
-adb2
-batchMode
-noUpm
-name
AssetImportWorker0
-projectPath
E:/Personal/ESCUELA/GAME_DEV_II/1 Game/GameDev201-1/Demonation
-logFile
Logs/AssetImportWorker0.log
-srvPort
61751
Successfully changed project path to: E:/Personal/ESCUELA/GAME_DEV_II/1 Game/GameDev201-1/Demonation
E:/Personal/ESCUELA/GAME_DEV_II/1 Game/GameDev201-1/Demonation
Using Asset Import Pipeline V2.
Refreshing native plugins compatible for Editor in 38.27 ms, found 2 plugins.
Preloading 0 native plugins for Editor in 0.00 ms.
Initialize engine version: 2020.3.15f2 (6cf78cb77498)
[Subsystems] Discovering subsystems at path C:/Program Files/Unity/Hub/Editor/2020.3.15f2/Editor/Data/Resources/UnitySubsystems
[Subsystems] Discovering subsystems at path E:/Personal/ESCUELA/GAME_DEV_II/1 Game/GameDev201-1/Demonation/Assets
GfxDevice: creating device client; threaded=0
Direct3D:
    Version:  Direct3D 11.0 [level 11.1]
    Renderer: NVIDIA GeForce RTX 2060 (ID=0x1f11)
    Vendor:   
    VRAM:     5980 MB
    Driver:   30.0.14.7141
Initialize mono
Mono path[0] = 'C:/Program Files/Unity/Hub/Editor/2020.3.15f2/Editor/Data/Managed'
Mono path[1] = 'C:/Program Files/Unity/Hub/Editor/2020.3.15f2/Editor/Data/MonoBleedingEdge/lib/mono/unityjit'
Mono config path = 'C:/Program Files/Unity/Hub/Editor/2020.3.15f2/Editor/Data/MonoBleedingEdge/etc'
Using monoOptions --debugger-agent=transport=dt_socket,embedding=1,server=y,suspend=n,address=127.0.0.1:56052
Begin MonoManager ReloadAssembly
Registering precompiled unity dll's ...
Register platform support module: C:/Program Files/Unity/Hub/Editor/2020.3.15f2/Editor/Data/PlaybackEngines/WindowsStandaloneSupport/UnityEditor.WindowsStandalone.Extensions.dll
Registered in 0.002409 seconds.
Native extension for WindowsStandalone target not found
Refreshing native plugins compatible for Editor in 27.01 ms, found 2 plugins.
Preloading 0 native plugins for Editor in 0.00 ms.
Mono: successfully reloaded assembly
- Completed reload, in  1.830 seconds
Domain Reload Profiling:
	ReloadAssembly (1830ms)
		BeginReloadAssembly (59ms)
			ExecutionOrderSort (0ms)
			DisableScriptedObjects (0ms)
			BackupInstance (0ms)
			ReleaseScriptingObjects (0ms)
			CreateAndSetChildDomain (1ms)
		EndReloadAssembly (442ms)
			LoadAssemblies (56ms)
			RebuildTransferFunctionScriptingTraits (0ms)
			SetupTypeCache (184ms)
			ReleaseScriptCaches (0ms)
			RebuildScriptCaches (32ms)
			SetupLoadedEditorAssemblies (153ms)
				LogAssemblyErrors (0ms)
				InitializePlatformSupportModulesInManaged (4ms)
				SetLoadedEditorAssemblies (0ms)
				RefreshPlugins (27ms)
				BeforeProcessingInitializeOnLoad (13ms)
				ProcessInitializeOnLoadAttributes (80ms)
				ProcessInitializeOnLoadMethodAttributes (28ms)
				AfterProcessingInitializeOnLoad (0ms)
				EditorAssembliesLoaded (0ms)
			ExecutionOrderSort2 (0ms)
			AwakeInstancesAfterBackupRestoration (0ms)
Platform modules already initialized, skipping
Registering precompiled user dll's ...
Registered in 0.002474 seconds.
Begin MonoManager ReloadAssembly
Native extension for WindowsStandalone target not found
Refreshing native plugins compatible for Editor in 0.28 ms, found 2 plugins.
Preloading 0 native plugins for Editor in 0.00 ms.
Mono: successfully reloaded assembly
- Completed reload, in  1.293 seconds
Domain Reload Profiling:
	ReloadAssembly (1294ms)
		BeginReloadAssembly (175ms)
			ExecutionOrderSort (0ms)
			DisableScriptedObjects (4ms)
			BackupInstance (0ms)
			ReleaseScriptingObjects (0ms)
			CreateAndSetChildDomain (24ms)
		EndReloadAssembly (1050ms)
			LoadAssemblies (100ms)
			RebuildTransferFunctionScriptingTraits (0ms)
			SetupTypeCache (293ms)
			ReleaseScriptCaches (0ms)
			RebuildScriptCaches (53ms)
			SetupLoadedEditorAssemblies (468ms)
				LogAssemblyErrors (0ms)
				InitializePlatformSupportModulesInManaged (7ms)
				SetLoadedEditorAssemblies (0ms)
				RefreshPlugins (0ms)
				BeforeProcessingInitializeOnLoad (112ms)
				ProcessInitializeOnLoadAttributes (337ms)
				ProcessInitializeOnLoadMethodAttributes (5ms)
				AfterProcessingInitializeOnLoad (8ms)
				EditorAssembliesLoaded (0ms)
			ExecutionOrderSort2 (0ms)
			AwakeInstancesAfterBackupRestoration (6ms)
Platform modules already initialized, skipping
========================================================================
Worker process is ready to serve import requests
Launched and connected shader compiler UnityShaderCompiler.exe after 0.09 seconds
Refreshing native plugins compatible for Editor in 0.48 ms, found 2 plugins.
Preloading 0 native plugins for Editor in 0.00 ms.
Unloading 1397 Unused Serialized files (Serialized files now loaded: 0)
System memory in use before: 64.9 MB.
System memory in use after: 64.9 MB.

Unloading 18 unused Assets to reduce memory usage. Loaded Objects now: 1831.
Total: 2.858000 ms (FindLiveObjects: 0.223000 ms CreateObjectMapping: 0.066100 ms MarkObjects: 2.493500 ms  DeleteObjects: 0.074200 ms)

AssetImportParameters requested are different than current active one (requested -> active):
  custom:framework-win-MediaFoundation: 216162199b28c13a410421893ffa2e32 -> 
  custom:video-decoder-ogg-theora: a1e56fd34408186e4bbccfd4996cb3dc -> 
  custom:container-muxer-webm: aa71ff27fc2769a1b78a27578f13a17b -> 
  custom:container-demuxer-webm: 4f35f7cbe854078d1ac9338744f61a02 -> 
  custom:container-demuxer-ogg: 62fdf1f143b41e24485cea50d1cbac27 -> 
  custom:video-encoder-webm-vp8: eb34c28f22e8b96e1ab97ce403110664 -> 
  custom:video-decoder-webm-vp8: 9c59270c3fd7afecdb556c50c9e8de78 -> 
  custom:audio-decoder-ogg-vorbis: bf7c407c2cedff20999df2af8eb42d56 -> 
  custom:audio-encoder-webm-vorbis: bf7c407c2cedff20999df2af8eb42d56 -> 
========================================================================
Received Import Request.
  path: Assets/Scenes/SampleScene.unity
  artifactKey: Guid(9fc0d4010bbf28b4594072e72b8655ab) Importer(815301076,1909f56bfc062723c751e8b465ee728b)
Start importing Assets/Scenes/SampleScene.unity using Guid(9fc0d4010bbf28b4594072e72b8655ab) Importer(815301076,1909f56bfc062723c751e8b465ee728b)  -> (artifact id: 'b2bd31890820f16c20c6dffb6cc6c08f') in 0.023878 seconds 
  Import took 0.027517 seconds .

========================================================================
Received Import Request.
  Time since last request: 2383.733689 seconds.
  path: Assets/Materials
  artifactKey: Guid(eff43ff033603fc498e74d36ddd042bc) Importer(815301076,1909f56bfc062723c751e8b465ee728b)
Start importing Assets/Materials using Guid(eff43ff033603fc498e74d36ddd042bc) Importer(815301076,1909f56bfc062723c751e8b465ee728b)  -> (artifact id: '5f05dcab74050f19fe929b8bde2d8da7') in 0.013346 seconds 
  Import took 0.016455 seconds .

========================================================================
Received Prepare
Registering precompiled user dll's ...
Registered in 0.035227 seconds.
Begin MonoManager ReloadAssembly
Native extension for WindowsStandalone target not found
Refreshing native plugins compatible for Editor in 49.39 ms, found 2 plugins.
Preloading 0 native plugins for Editor in 0.00 ms.
Mono: successfully reloaded assembly
- Completed reload, in  1.201 seconds
Domain Reload Profiling:
	ReloadAssembly (1201ms)
		BeginReloadAssembly (117ms)
			ExecutionOrderSort (0ms)
			DisableScriptedObjects (5ms)
			BackupInstance (0ms)
			ReleaseScriptingObjects (0ms)
			CreateAndSetChildDomain (32ms)
		EndReloadAssembly (1020ms)
			LoadAssemblies (96ms)
			RebuildTransferFunctionScriptingTraits (0ms)
			SetupTypeCache (314ms)
			ReleaseScriptCaches (1ms)
			RebuildScriptCaches (44ms)
			SetupLoadedEditorAssemblies (416ms)
				LogAssemblyErrors (0ms)
				InitializePlatformSupportModulesInManaged (5ms)
				SetLoadedEditorAssemblies (0ms)
				RefreshPlugins (49ms)
				BeforeProcessingInitializeOnLoad (77ms)
				ProcessInitializeOnLoadAttributes (271ms)
				ProcessInitializeOnLoadMethodAttributes (4ms)
				AfterProcessingInitializeOnLoad (8ms)
				EditorAssembliesLoaded (0ms)
			ExecutionOrderSort2 (0ms)
			AwakeInstancesAfterBackupRestoration (6ms)
Platform modules already initialized, skipping
Refreshing native plugins compatible for Editor in 0.64 ms, found 2 plugins.
Preloading 0 native plugins for Editor in 0.00 ms.
Unloading 2189 Unused Serialized files (Serialized files now loaded: 0)
System memory in use before: 87.7 MB.
System memory in use after: 87.6 MB.

Unloading 20 unused Assets to reduce memory usage. Loaded Objects now: 2625.
Total: 3.403200 ms (FindLiveObjects: 0.420400 ms CreateObjectMapping: 0.141600 ms MarkObjects: 2.694300 ms  DeleteObjects: 0.145400 ms)

AssetImportParameters requested are different than current active one (requested -> active):
  custom:framework-win-MediaFoundation: 216162199b28c13a410421893ffa2e32 -> 
  custom:video-decoder-ogg-theora: a1e56fd34408186e4bbccfd4996cb3dc -> 
  custom:container-muxer-webm: aa71ff27fc2769a1b78a27578f13a17b -> 
  custom:container-demuxer-webm: 4f35f7cbe854078d1ac9338744f61a02 -> 
  custom:container-demuxer-ogg: 62fdf1f143b41e24485cea50d1cbac27 -> 
  custom:video-encoder-webm-vp8: eb34c28f22e8b96e1ab97ce403110664 -> 
  custom:video-decoder-webm-vp8: 9c59270c3fd7afecdb556c50c9e8de78 -> 
  custom:audio-decoder-ogg-vorbis: bf7c407c2cedff20999df2af8eb42d56 -> 
  custom:audio-encoder-webm-vorbis: bf7c407c2cedff20999df2af8eb42d56 -> 
========================================================================
Received Import Request.
  Time since last request: 260.352801 seconds.
  path: Assets/Materials/Material_Prueba.shadergraph
  artifactKey: Guid(1a0de0df27856864d9aaa9cab7652882) Importer(815301076,1909f56bfc062723c751e8b465ee728b)
Start importing Assets/Materials/Material_Prueba.shadergraph using Guid(1a0de0df27856864d9aaa9cab7652882) Importer(815301076,1909f56bfc062723c751e8b465ee728b)  -> (artifact id: '09002d7cd395d34d71d5ccf4097c06d7') in 0.056367 seconds 
  Import took 0.060432 seconds .

========================================================================
Received Import Request.
  Time since last request: 89.600873 seconds.
  path: Assets/Materials/NewUnlitShader.shader
  artifactKey: Guid(8d41b94961971c04eacbd5ef779aa387) Importer(815301076,1909f56bfc062723c751e8b465ee728b)
Start importing Assets/Materials/NewUnlitShader.shader using Guid(8d41b94961971c04eacbd5ef779aa387) Importer(815301076,1909f56bfc062723c751e8b465ee728b)  -> (artifact id: 'e80a1916708189ad5706ea8c0839906c') in 0.011546 seconds 
  Import took 0.017385 seconds .

========================================================================
Received Import Request.
  Time since last request: 0.991781 seconds.
  path: Assets/Materials/NewUnlitShader.shader
  artifactKey: Guid(8d41b94961971c04eacbd5ef779aa387) Importer(815301076,1909f56bfc062723c751e8b465ee728b)
Start importing Assets/Materials/NewUnlitShader.shader using Guid(8d41b94961971c04eacbd5ef779aa387) Importer(815301076,1909f56bfc062723c751e8b465ee728b)  -> (artifact id: 'e80a1916708189ad5706ea8c0839906c') in 0.003696 seconds 
  Import took 0.008631 seconds .

========================================================================
Received Prepare
Registering precompiled user dll's ...
Registered in 0.006551 seconds.
Begin MonoManager ReloadAssembly
Native extension for WindowsStandalone target not found
Refreshing native plugins compatible for Editor in 0.47 ms, found 2 plugins.
Preloading 0 native plugins for Editor in 0.00 ms.
Mono: successfully reloaded assembly
- Completed reload, in  1.251 seconds
Domain Reload Profiling:
	ReloadAssembly (1252ms)
		BeginReloadAssembly (122ms)
			ExecutionOrderSort (0ms)
			DisableScriptedObjects (7ms)
			BackupInstance (0ms)
			ReleaseScriptingObjects (0ms)
			CreateAndSetChildDomain (34ms)
		EndReloadAssembly (1052ms)
			LoadAssemblies (102ms)
			RebuildTransferFunctionScriptingTraits (0ms)
			SetupTypeCache (361ms)
			ReleaseScriptCaches (1ms)
			RebuildScriptCaches (42ms)
			SetupLoadedEditorAssemblies (433ms)
				LogAssemblyErrors (0ms)
				InitializePlatformSupportModulesInManaged (5ms)
				SetLoadedEditorAssemblies (0ms)
				RefreshPlugins (1ms)
				BeforeProcessingInitializeOnLoad (98ms)
				ProcessInitializeOnLoadAttributes (320ms)
				ProcessInitializeOnLoadMethodAttributes (4ms)
				AfterProcessingInitializeOnLoad (6ms)
				EditorAssembliesLoaded (0ms)
			ExecutionOrderSort2 (0ms)
			AwakeInstancesAfterBackupRestoration (7ms)
Platform modules already initialized, skipping
Shader 'Universal Render Pipeline/Nature/SpeedTree7': dependency 'BillboardShader' shader 'Universal Render Pipeline/Nature/SpeedTree7 Billboard' not found
Shader 'Universal Render Pipeline/Baked Lit': fallback shader 'Universal Render Pipeline/Unlit' not found
Shader 'Universal Render Pipeline/Simple Lit': fallback shader 'Hidden/Universal Render Pipeline/FallbackError' not found
Shader 'Universal Render Pipeline/Terrain/Lit': fallback shader 'Hidden/Universal Render Pipeline/FallbackError' not found
Shader 'Universal Render Pipeline/Terrain/Lit': dependency 'AddPassShader' shader 'Hidden/Universal Render Pipeline/Terrain/Lit (Add Pass)' not found
Shader 'Universal Render Pipeline/Terrain/Lit': dependency 'BaseMapShader' shader 'Hidden/Universal Render Pipeline/Terrain/Lit (Base Pass)' not found
Shader 'Universal Render Pipeline/Terrain/Lit': dependency 'BaseMapGenShader' shader 'Hidden/Universal Render Pipeline/Terrain/Lit (Basemap Gen)' not found
Shader 'Hidden/Universal Render Pipeline/Terrain/Lit (Add Pass)': fallback shader 'Hidden/Universal Render Pipeline/FallbackError' not found
Shader 'Hidden/Universal Render Pipeline/Terrain/Lit (Base Pass)': fallback shader 'Hidden/Universal Render Pipeline/FallbackError' not found
Shader 'Universal Render Pipeline/Particles/Lit': fallback shader 'Universal Render Pipeline/Particles/SimpleLit' not found
Shader 'Universal Render Pipeline/Particles/Lit': fallback shader 'Universal Render Pipeline/Particles/SimpleLit' not found
Refreshing native plugins compatible for Editor in 0.49 ms, found 2 plugins.
Preloading 0 native plugins for Editor in 0.00 ms.
Unloading 2646 Unused Serialized files (Serialized files now loaded: 0)
System memory in use before: 116.2 MB.
System memory in use after: 111.9 MB.

Unloading 70 unused Assets to reduce memory usage. Loaded Objects now: 3035.
Total: 3.892200 ms (FindLiveObjects: 0.235900 ms CreateObjectMapping: 0.128400 ms MarkObjects: 1.896100 ms  DeleteObjects: 1.630700 ms)

AssetImportParameters requested are different than current active one (requested -> active):
  custom:framework-win-MediaFoundation: 216162199b28c13a410421893ffa2e32 -> 
  custom:video-decoder-ogg-theora: a1e56fd34408186e4bbccfd4996cb3dc -> 
  custom:container-muxer-webm: aa71ff27fc2769a1b78a27578f13a17b -> 
  custom:container-demuxer-webm: 4f35f7cbe854078d1ac9338744f61a02 -> 
  custom:container-demuxer-ogg: 62fdf1f143b41e24485cea50d1cbac27 -> 
  custom:video-encoder-webm-vp8: eb34c28f22e8b96e1ab97ce403110664 -> 
  custom:video-decoder-webm-vp8: 9c59270c3fd7afecdb556c50c9e8de78 -> 
  custom:audio-decoder-ogg-vorbis: bf7c407c2cedff20999df2af8eb42d56 -> 
  custom:audio-encoder-webm-vorbis: bf7c407c2cedff20999df2af8eb42d56 -> 
========================================================================
Received Import Request.
  Time since last request: 254.108772 seconds.
  path: Assets/Materials/New Shader Graph.shadergraph
  artifactKey: Guid(edf32245ad375ab4d964bc5221381557) Importer(815301076,1909f56bfc062723c751e8b465ee728b)
Start importing Assets/Materials/New Shader Graph.shadergraph using Guid(edf32245ad375ab4d964bc5221381557) Importer(815301076,1909f56bfc062723c751e8b465ee728b)  -> (artifact id: '9f9985fadf391b5dfbeeb5d4e1b34324') in 0.026064 seconds 
  Import took 0.031485 seconds .

========================================================================
Received Import Request.
  Time since last request: 82.730707 seconds.
  path: Assets/Materials/New Shader Graph.shadergraph
  artifactKey: Guid(edf32245ad375ab4d964bc5221381557) Importer(815301076,1909f56bfc062723c751e8b465ee728b)
Start importing Assets/Materials/New Shader Graph.shadergraph using Guid(edf32245ad375ab4d964bc5221381557) Importer(815301076,1909f56bfc062723c751e8b465ee728b)  -> (artifact id: 'd04172f2bb29159645b27fde472a4e83') in 0.008487 seconds 
  Import took 0.014755 seconds .

========================================================================
Received Import Request.
  Time since last request: 37.632581 seconds.
  path: Assets/Materials/New Shader Graph.shadergraph
  artifactKey: Guid(edf32245ad375ab4d964bc5221381557) Importer(815301076,1909f56bfc062723c751e8b465ee728b)
Start importing Assets/Materials/New Shader Graph.shadergraph using Guid(edf32245ad375ab4d964bc5221381557) Importer(815301076,1909f56bfc062723c751e8b465ee728b)  -> (artifact id: '11cedc366fa5560f93bef0482d5a2dca') in 0.003817 seconds 
  Import took 0.008909 seconds .

========================================================================
Received Import Request.
  Time since last request: 13.131352 seconds.
  path: Assets/Materials/New Shader Graph 1.shadergraph
  artifactKey: Guid(e0471dde2f62bf649b617f8468bdfc22) Importer(815301076,1909f56bfc062723c751e8b465ee728b)
Start importing Assets/Materials/New Shader Graph 1.shadergraph using Guid(e0471dde2f62bf649b617f8468bdfc22) Importer(815301076,1909f56bfc062723c751e8b465ee728b)  -> (artifact id: '47dfac8b5bdae3745f4af9e02a915a21') in 0.011113 seconds 
  Import took 0.017131 seconds .

========================================================================
Received Import Request.
  Time since last request: 469.970115 seconds.
  path: Assets/Scenes
  artifactKey: Guid(854bf12dd3427cc48bf05917e604f37e) Importer(815301076,1909f56bfc062723c751e8b465ee728b)
Start importing Assets/Scenes using Guid(854bf12dd3427cc48bf05917e604f37e) Importer(815301076,1909f56bfc062723c751e8b465ee728b)  -> (artifact id: '27bed1b15ae659c714f7d26494fa5b17') in 0.007815 seconds 
  Import took 0.012311 seconds .

========================================================================
Received Import Request.
  Time since last request: 0.409652 seconds.
  path: Assets/Materials/New Shader Graph 1.shadergraph
  artifactKey: Guid(e0471dde2f62bf649b617f8468bdfc22) Importer(815301076,1909f56bfc062723c751e8b465ee728b)
Start importing Assets/Materials/New Shader Graph 1.shadergraph using Guid(e0471dde2f62bf649b617f8468bdfc22) Importer(815301076,1909f56bfc062723c751e8b465ee728b)  -> (artifact id: '062ea30f5bfea1b278121252f4528ae8') in 0.008562 seconds 
  Import took 0.012661 seconds .

========================================================================
Received Import Request.
  Time since last request: 0.001261 seconds.
  path: Assets/Materials/New Shader Graph 1.shadergraph
  artifactKey: Guid(e0471dde2f62bf649b617f8468bdfc22) Importer(815301076,1909f56bfc062723c751e8b465ee728b)
Start importing Assets/Materials/New Shader Graph 1.shadergraph using Guid(e0471dde2f62bf649b617f8468bdfc22) Importer(815301076,1909f56bfc062723c751e8b465ee728b)  -> (artifact id: '062ea30f5bfea1b278121252f4528ae8') in 0.003211 seconds 
  Import took 0.007603 seconds .

========================================================================
Received Import Request.
  Time since last request: 206.460856 seconds.
  path: Packages/com.unity.render-pipelines.universal/Editor/UniversalRenderPipelineLightEditor.cs
  artifactKey: Guid(aecdbe497ecdc4e498e66886c0b963cd) Importer(815301076,1909f56bfc062723c751e8b465ee728b)
Start importing Packages/com.unity.render-pipelines.universal/Editor/UniversalRenderPipelineLightEditor.cs using Guid(aecdbe497ecdc4e498e66886c0b963cd) Importer(815301076,1909f56bfc062723c751e8b465ee728b)  -> (artifact id: '63107392165e16b63105323d6e063d4d') in 0.009760 seconds 
  Import took 0.014303 seconds .

========================================================================
Received Import Request.
  Time since last request: 0.622952 seconds.
  path: Packages/com.unity.render-pipelines.universal/Editor/UniversalRenderPipelineCameraEditor.cs
  artifactKey: Guid(d569aa2a3d2a1a74aaf68c388f2e0798) Importer(815301076,1909f56bfc062723c751e8b465ee728b)
Start importing Packages/com.unity.render-pipelines.universal/Editor/UniversalRenderPipelineCameraEditor.cs using Guid(d569aa2a3d2a1a74aaf68c388f2e0798) Importer(815301076,1909f56bfc062723c751e8b465ee728b)  -> (artifact id: '553eb8c8da788688d337a77664432699') in 0.009486 seconds 
  Import took 0.014963 seconds .

========================================================================
Received Import Request.
  Time since last request: 6.809506 seconds.
  path: Packages/com.unity.render-pipelines.universal/Editor/UniversalRenderPipelineAssetEditor.cs
  artifactKey: Guid(81f58d95eba277541b76ad69cb7e3cc7) Importer(815301076,1909f56bfc062723c751e8b465ee728b)
Start importing Packages/com.unity.render-pipelines.universal/Editor/UniversalRenderPipelineAssetEditor.cs using Guid(81f58d95eba277541b76ad69cb7e3cc7) Importer(815301076,1909f56bfc062723c751e8b465ee728b)  -> (artifact id: 'f7b63930eaae46282498a58d0e1686ee') in 0.007115 seconds 
  Import took 0.011616 seconds .

========================================================================
Received Import Request.
  Time since last request: 13.195014 seconds.
  path: Packages/com.unity.render-pipelines.universal/Editor/UniversalAdditionalLightDataEditor.cs
  artifactKey: Guid(89a44a55ca94af242b02a0f02edb0ae7) Importer(815301076,1909f56bfc062723c751e8b465ee728b)
Start importing Packages/com.unity.render-pipelines.universal/Editor/UniversalAdditionalLightDataEditor.cs using Guid(89a44a55ca94af242b02a0f02edb0ae7) Importer(815301076,1909f56bfc062723c751e8b465ee728b)  -> (artifact id: '31f59c6cbdecfeaba099e6c64415962c') in 0.006419 seconds 
  Import took 0.010289 seconds .

========================================================================
Received Import Request.
  Time since last request: 0.498444 seconds.
  path: Packages/com.unity.render-pipelines.universal/Editor/Unity.RenderPipelines.Universal.Editor.asmdef
  artifactKey: Guid(c579267770062bf448e75eb160330b7f) Importer(815301076,1909f56bfc062723c751e8b465ee728b)
Start importing Packages/com.unity.render-pipelines.universal/Editor/Unity.RenderPipelines.Universal.Editor.asmdef using Guid(c579267770062bf448e75eb160330b7f) Importer(815301076,1909f56bfc062723c751e8b465ee728b)  -> (artifact id: '8eebb0dbf02538609caf0df26a0fd42b') in 0.006716 seconds 
  Import took 0.010024 seconds .

========================================================================
Received Import Request.
  Time since last request: 0.041291 seconds.
  path: Packages/com.unity.render-pipelines.universal/Editor/Unity.RenderPipelines.Universal.Editor.asmdef
  artifactKey: Guid(c579267770062bf448e75eb160330b7f) Importer(815301076,1909f56bfc062723c751e8b465ee728b)
Start importing Packages/com.unity.render-pipelines.universal/Editor/Unity.RenderPipelines.Universal.Editor.asmdef using Guid(c579267770062bf448e75eb160330b7f) Importer(815301076,1909f56bfc062723c751e8b465ee728b)  -> (artifact id: '8eebb0dbf02538609caf0df26a0fd42b') in 0.002286 seconds 
  Import took 0.006408 seconds .

========================================================================
Received Import Request.
  Time since last request: 1.191104 seconds.
  path: Packages/com.unity.render-pipelines.universal/Editor/UniversalAdditionalCameraDataEditor.cs
  artifactKey: Guid(b34d70112ee5152438161d88c5f21082) Importer(815301076,1909f56bfc062723c751e8b465ee728b)
Start importing Packages/com.unity.render-pipelines.universal/Editor/UniversalAdditionalCameraDataEditor.cs using Guid(b34d70112ee5152438161d88c5f21082) Importer(815301076,1909f56bfc062723c751e8b465ee728b)  -> (artifact id: '152504f635c55f7d9e707783c93d791b') in 0.007602 seconds 
  Import took 0.017677 seconds .

========================================================================
Received Import Request.
  Time since last request: 0.002238 seconds.
  path: Packages/com.unity.render-pipelines.universal/Editor/UniversalAdditionalCameraDataEditor.cs
  artifactKey: Guid(b34d70112ee5152438161d88c5f21082) Importer(815301076,1909f56bfc062723c751e8b465ee728b)
Start importing Packages/com.unity.render-pipelines.universal/Editor/UniversalAdditionalCameraDataEditor.cs using Guid(b34d70112ee5152438161d88c5f21082) Importer(815301076,1909f56bfc062723c751e8b465ee728b)  -> (artifact id: '152504f635c55f7d9e707783c93d791b') in 0.002007 seconds 
  Import took 0.008104 seconds .

========================================================================
Received Import Request.
  Time since last request: 17.274727 seconds.
  path: Packages/com.unity.render-pipelines.universal/Editor/TrackballUIDrawer.cs
  artifactKey: Guid(b81c1a435d4bc9e40a19e0326117db7c) Importer(815301076,1909f56bfc062723c751e8b465ee728b)
Start importing Packages/com.unity.render-pipelines.universal/Editor/TrackballUIDrawer.cs using Guid(b81c1a435d4bc9e40a19e0326117db7c) Importer(815301076,1909f56bfc062723c751e8b465ee728b)  -> (artifact id: '53b69f104b0597a7fc05a1709237b806') in 0.006322 seconds 
  Import took 0.009908 seconds .

========================================================================
Received Import Request.
  Time since last request: 18.264129 seconds.
  path: Packages/com.unity.render-pipelines.universal/Editor/ShaderPreprocessor.cs
  artifactKey: Guid(9f7bf504ded5bcb48835f194831914c8) Importer(815301076,1909f56bfc062723c751e8b465ee728b)
Start importing Packages/com.unity.render-pipelines.universal/Editor/ShaderPreprocessor.cs using Guid(9f7bf504ded5bcb48835f194831914c8) Importer(815301076,1909f56bfc062723c751e8b465ee728b)  -> (artifact id: '537f3945196472d6108f3a812283785b') in 0.006398 seconds 
  Import took 0.010322 seconds .

========================================================================
Received Import Request.
  Time since last request: 1.669731 seconds.
  path: Packages/com.unity.render-pipelines.universal/Editor/ScriptableRendererFeatureEditor.cs
  artifactKey: Guid(105429ad202549b4840ad53f285c3e94) Importer(815301076,1909f56bfc062723c751e8b465ee728b)
Start importing Packages/com.unity.render-pipelines.universal/Editor/ScriptableRendererFeatureEditor.cs using Guid(105429ad202549b4840ad53f285c3e94) Importer(815301076,1909f56bfc062723c751e8b465ee728b)  -> (artifact id: '56383a072bdd55d214429149318141a8') in 0.005682 seconds 
  Import took 0.011167 seconds .

========================================================================
Received Import Request.
  Time since last request: 8.650041 seconds.
  path: Packages/com.unity.render-pipelines.universal/Editor/ScriptableRendererDataEditor.cs
  artifactKey: Guid(b2edbde2868724290bf284ad89ced590) Importer(815301076,1909f56bfc062723c751e8b465ee728b)
Start importing Packages/com.unity.render-pipelines.universal/Editor/ScriptableRendererDataEditor.cs using Guid(b2edbde2868724290bf284ad89ced590) Importer(815301076,1909f56bfc062723c751e8b465ee728b)  -> (artifact id: '0074087c6323bb9628502a4056375969') in 0.006515 seconds 
  Import took 0.010099 seconds .

========================================================================
Received Import Request.
  Time since last request: 0.449727 seconds.
  path: Packages/com.unity.render-pipelines.universal/Editor/SavedParameter.cs
  artifactKey: Guid(f334589a3e8ed644fa711158935ddabd) Importer(815301076,1909f56bfc062723c751e8b465ee728b)
Start importing Packages/com.unity.render-pipelines.universal/Editor/SavedParameter.cs using Guid(f334589a3e8ed644fa711158935ddabd) Importer(815301076,1909f56bfc062723c751e8b465ee728b)  -> (artifact id: '105248c0cc4b657df781bfcf27a8c046') in 0.008137 seconds 
  Import took 0.012207 seconds .

========================================================================
Received Import Request.
  Time since last request: 0.002868 seconds.
  path: Packages/com.unity.render-pipelines.universal/Editor/SavedParameter.cs
  artifactKey: Guid(f334589a3e8ed644fa711158935ddabd) Importer(815301076,1909f56bfc062723c751e8b465ee728b)
Start importing Packages/com.unity.render-pipelines.universal/Editor/SavedParameter.cs using Guid(f334589a3e8ed644fa711158935ddabd) Importer(815301076,1909f56bfc062723c751e8b465ee728b)  -> (artifact id: '105248c0cc4b657df781bfcf27a8c046') in 0.002242 seconds 
  Import took 0.006567 seconds .

========================================================================
Received Import Request.
  Time since last request: 5.879762 seconds.
  path: Packages/com.unity.render-pipelines.universal/Editor/PostProcessDataEditor.cs
  artifactKey: Guid(aaa0f30bef36d854a9c4918b2bc186e0) Importer(815301076,1909f56bfc062723c751e8b465ee728b)
Start importing Packages/com.unity.render-pipelines.universal/Editor/PostProcessDataEditor.cs using Guid(aaa0f30bef36d854a9c4918b2bc186e0) Importer(815301076,1909f56bfc062723c751e8b465ee728b)  -> (artifact id: '867326243dc1910c0e8a5ce1473be505') in 0.006214 seconds 
  Import took 0.010461 seconds .

========================================================================
Received Import Request.
  Time since last request: 0.001530 seconds.
  path: Packages/com.unity.render-pipelines.universal/Editor/PostProcessDataEditor.cs
  artifactKey: Guid(aaa0f30bef36d854a9c4918b2bc186e0) Importer(815301076,1909f56bfc062723c751e8b465ee728b)
Start importing Packages/com.unity.render-pipelines.universal/Editor/PostProcessDataEditor.cs using Guid(aaa0f30bef36d854a9c4918b2bc186e0) Importer(815301076,1909f56bfc062723c751e8b465ee728b)  -> (artifact id: '867326243dc1910c0e8a5ce1473be505') in 0.001669 seconds 
  Import took 0.006777 seconds .

========================================================================
Received Import Request.
  Time since last request: 1.047738 seconds.
  path: Packages/com.unity.render-pipelines.universal/Editor/RenderStateDataEditor.cs
  artifactKey: Guid(6256da150df6a4df1b68f1258f6c3a48) Importer(815301076,1909f56bfc062723c751e8b465ee728b)
Start importing Packages/com.unity.render-pipelines.universal/Editor/RenderStateDataEditor.cs using Guid(6256da150df6a4df1b68f1258f6c3a48) Importer(815301076,1909f56bfc062723c751e8b465ee728b)  -> (artifact id: '2f2997091bef39b2496dcc2481307002') in 0.006733 seconds 
  Import took 0.010718 seconds .

========================================================================
Received Import Request.
  Time since last request: 39.728873 seconds.
  path: Packages/com.unity.render-pipelines.core/Editor
  artifactKey: Guid(74ae8146f4a01491ba1306f3db78139d) Importer(815301076,1909f56bfc062723c751e8b465ee728b)
Start importing Packages/com.unity.render-pipelines.core/Editor using Guid(74ae8146f4a01491ba1306f3db78139d) Importer(815301076,1909f56bfc062723c751e8b465ee728b)  -> (artifact id: '1f5dc2f97e97bb169f94f71d8719820a') in 0.007463 seconds 
  Import took 0.011481 seconds .

========================================================================
Received Import Request.
  Time since last request: 7.499351 seconds.
  path: Packages/com.unity.render-pipelines.core/Editor/RenderGraph
  artifactKey: Guid(e13f2d6c38d76c24fb156d9537c72359) Importer(815301076,1909f56bfc062723c751e8b465ee728b)
Start importing Packages/com.unity.render-pipelines.core/Editor/RenderGraph using Guid(e13f2d6c38d76c24fb156d9537c72359) Importer(815301076,1909f56bfc062723c751e8b465ee728b)  -> (artifact id: '41275860d7baacad01750a62f4bedf3c') in 0.008856 seconds 
  Import took 0.012270 seconds .

========================================================================
Received Import Request.
  Time since last request: 0.000847 seconds.
  path: Packages/com.unity.render-pipelines.core/Editor/RenderGraph
  artifactKey: Guid(e13f2d6c38d76c24fb156d9537c72359) Importer(815301076,1909f56bfc062723c751e8b465ee728b)
Start importing Packages/com.unity.render-pipelines.core/Editor/RenderGraph using Guid(e13f2d6c38d76c24fb156d9537c72359) Importer(815301076,1909f56bfc062723c751e8b465ee728b)  -> (artifact id: '41275860d7baacad01750a62f4bedf3c') in 0.001994 seconds 
  Import took 0.005780 seconds .

========================================================================
Received Prepare
Registering precompiled user dll's ...
Registered in 0.054647 seconds.
Begin MonoManager ReloadAssembly
Native extension for WindowsStandalone target not found
Refreshing native plugins compatible for Editor in 0.50 ms, found 2 plugins.
Preloading 0 native plugins for Editor in 0.00 ms.
Mono: successfully reloaded assembly
- Completed reload, in  1.171 seconds
Domain Reload Profiling:
	ReloadAssembly (1172ms)
		BeginReloadAssembly (119ms)
			ExecutionOrderSort (0ms)
			DisableScriptedObjects (4ms)
			BackupInstance (0ms)
			ReleaseScriptingObjects (0ms)
			CreateAndSetChildDomain (37ms)
		EndReloadAssembly (977ms)
			LoadAssemblies (87ms)
			RebuildTransferFunctionScriptingTraits (0ms)
			SetupTypeCache (351ms)
			ReleaseScriptCaches (1ms)
			RebuildScriptCaches (43ms)
			SetupLoadedEditorAssemblies (391ms)
				LogAssemblyErrors (0ms)
				InitializePlatformSupportModulesInManaged (4ms)
				SetLoadedEditorAssemblies (0ms)
				RefreshPlugins (1ms)
				BeforeProcessingInitializeOnLoad (80ms)
				ProcessInitializeOnLoadAttributes (296ms)
				ProcessInitializeOnLoadMethodAttributes (4ms)
				AfterProcessingInitializeOnLoad (6ms)
				EditorAssembliesLoaded (0ms)
			ExecutionOrderSort2 (0ms)
			AwakeInstancesAfterBackupRestoration (7ms)
Platform modules already initialized, skipping
Shader 'Universal Render Pipeline/Particles/Lit': fallback shader 'Universal Render Pipeline/Particles/SimpleLit' not found
Shader 'Universal Render Pipeline/Particles/Lit': fallback shader 'Universal Render Pipeline/Particles/SimpleLit' not found
Refreshing native plugins compatible for Editor in 0.44 ms, found 2 plugins.
Preloading 0 native plugins for Editor in 0.00 ms.
Unloading 2647 Unused Serialized files (Serialized files now loaded: 0)
System memory in use before: 116.2 MB.
System memory in use after: 112.0 MB.

Unloading 70 unused Assets to reduce memory usage. Loaded Objects now: 3038.
Total: 4.103200 ms (FindLiveObjects: 0.240000 ms CreateObjectMapping: 0.114100 ms MarkObjects: 1.997700 ms  DeleteObjects: 1.750400 ms)

AssetImportParameters requested are different than current active one (requested -> active):
  custom:framework-win-MediaFoundation: 216162199b28c13a410421893ffa2e32 -> 
  custom:video-decoder-ogg-theora: a1e56fd34408186e4bbccfd4996cb3dc -> 
  custom:container-muxer-webm: aa71ff27fc2769a1b78a27578f13a17b -> 
  custom:container-demuxer-webm: 4f35f7cbe854078d1ac9338744f61a02 -> 
  custom:container-demuxer-ogg: 62fdf1f143b41e24485cea50d1cbac27 -> 
  custom:video-encoder-webm-vp8: eb34c28f22e8b96e1ab97ce403110664 -> 
  custom:video-decoder-webm-vp8: 9c59270c3fd7afecdb556c50c9e8de78 -> 
  custom:audio-decoder-ogg-vorbis: bf7c407c2cedff20999df2af8eb42d56 -> 
  custom:audio-encoder-webm-vorbis: bf7c407c2cedff20999df2af8eb42d56 -> 
========================================================================
Received Import Request.
  Time since last request: 303.658233 seconds.
  path: Packages/com.unity.render-pipelines.core/Editor/ContextualMenuDispatcher.cs
  artifactKey: Guid(b55ea781ffec78245a85c7b70fefee48) Importer(815301076,1909f56bfc062723c751e8b465ee728b)
Start importing Packages/com.unity.render-pipelines.core/Editor/ContextualMenuDispatcher.cs using Guid(b55ea781ffec78245a85c7b70fefee48) Importer(815301076,1909f56bfc062723c751e8b465ee728b)  -> (artifact id: '3f80373ffc1c23ed7f06cffaa2416ae8') in 0.010254 seconds 
  Import took 0.014949 seconds .

========================================================================
Received Import Request.
  Time since last request: 0.556407 seconds.
  path: Packages/com.unity.render-pipelines.core/Editor/CoreEditorDrawers.cs
  artifactKey: Guid(7e9fe0ff34cd022408422f6b92ad7df6) Importer(815301076,1909f56bfc062723c751e8b465ee728b)
Start importing Packages/com.unity.render-pipelines.core/Editor/CoreEditorDrawers.cs using Guid(7e9fe0ff34cd022408422f6b92ad7df6) Importer(815301076,1909f56bfc062723c751e8b465ee728b)  -> (artifact id: 'ce0a91b39c1fde17b069c5acd3a6ff39') in 0.006942 seconds 
  Import took 0.011751 seconds .

========================================================================
Received Import Request.
  Time since last request: 0.505736 seconds.
  path: Packages/com.unity.render-pipelines.core/Editor/CoreEditorStyles.cs
  artifactKey: Guid(106fd77ef6b30234597e56c849578bad) Importer(815301076,1909f56bfc062723c751e8b465ee728b)
Start importing Packages/com.unity.render-pipelines.core/Editor/CoreEditorStyles.cs using Guid(106fd77ef6b30234597e56c849578bad) Importer(815301076,1909f56bfc062723c751e8b465ee728b)  -> (artifact id: 'ffdca296ccd69677f081a1d474f81cf9') in 0.006167 seconds 
  Import took 0.010695 seconds .

========================================================================
Received Import Request.
  Time since last request: 0.359992 seconds.
  path: Packages/com.unity.render-pipelines.core/Editor/CoreEditorUtils.cs
  artifactKey: Guid(744ceabda269e6c469964dda8c490d0d) Importer(815301076,1909f56bfc062723c751e8b465ee728b)
Start importing Packages/com.unity.render-pipelines.core/Editor/CoreEditorUtils.cs using Guid(744ceabda269e6c469964dda8c490d0d) Importer(815301076,1909f56bfc062723c751e8b465ee728b)  -> (artifact id: 'c1be8313a5167041f78e61630bd20f7f') in 0.008369 seconds 
  Import took 0.014120 seconds .

========================================================================
Received Import Request.
  Time since last request: 0.395481 seconds.
  path: Packages/com.unity.render-pipelines.core/Editor/EditorPrefBoolFlags.cs
  artifactKey: Guid(1f766cc928a2d60469867f03d60c9f01) Importer(815301076,1909f56bfc062723c751e8b465ee728b)
Start importing Packages/com.unity.render-pipelines.core/Editor/EditorPrefBoolFlags.cs using Guid(1f766cc928a2d60469867f03d60c9f01) Importer(815301076,1909f56bfc062723c751e8b465ee728b)  -> (artifact id: '93aa4d521669f31e81ae5292b681747c') in 0.006037 seconds 
  Import took 0.010193 seconds .

========================================================================
Received Import Request.
  Time since last request: 0.441627 seconds.
  path: Packages/com.unity.render-pipelines.core/Editor/ExpandedState.cs
  artifactKey: Guid(1f4f20df9923ed04ea15d89f8456b8f0) Importer(815301076,1909f56bfc062723c751e8b465ee728b)
Start importing Packages/com.unity.render-pipelines.core/Editor/ExpandedState.cs using Guid(1f4f20df9923ed04ea15d89f8456b8f0) Importer(815301076,1909f56bfc062723c751e8b465ee728b)  -> (artifact id: 'c5548323b62a201da54a1e1ea35415c7') in 0.008965 seconds 
  Import took 0.015272 seconds .

========================================================================
Received Import Request.
  Time since last request: 0.001305 seconds.
  path: Packages/com.unity.render-pipelines.core/Editor/ExpandedState.cs
  artifactKey: Guid(1f4f20df9923ed04ea15d89f8456b8f0) Importer(815301076,1909f56bfc062723c751e8b465ee728b)
Start importing Packages/com.unity.render-pipelines.core/Editor/ExpandedState.cs using Guid(1f4f20df9923ed04ea15d89f8456b8f0) Importer(815301076,1909f56bfc062723c751e8b465ee728b)  -> (artifact id: 'c5548323b62a201da54a1e1ea35415c7') in 0.002374 seconds 
  Import took 0.008728 seconds .

========================================================================
Received Import Request.
  Time since last request: 0.467701 seconds.
  path: Packages/com.unity.render-pipelines.core/Editor/FilterWindow.cs
  artifactKey: Guid(e1dbde6eddba87f4ea272a5d3af5b7ac) Importer(815301076,1909f56bfc062723c751e8b465ee728b)
Start importing Packages/com.unity.render-pipelines.core/Editor/FilterWindow.cs using Guid(e1dbde6eddba87f4ea272a5d3af5b7ac) Importer(815301076,1909f56bfc062723c751e8b465ee728b)  -> (artifact id: '8a05699245a4307767cdb500a97a1fb6') in 0.005677 seconds 
  Import took 0.009351 seconds .

========================================================================
Received Import Request.
  Time since last request: 0.781781 seconds.
  path: Packages/com.unity.render-pipelines.core/Editor/InspectorCurveEditor.cs
  artifactKey: Guid(513fb6069b4efa74ea0f21f894eed362) Importer(815301076,1909f56bfc062723c751e8b465ee728b)
Start importing Packages/com.unity.render-pipelines.core/Editor/InspectorCurveEditor.cs using Guid(513fb6069b4efa74ea0f21f894eed362) Importer(815301076,1909f56bfc062723c751e8b465ee728b)  -> (artifact id: '55104a2c3eaa105113312c085dbb7bbb') in 0.006356 seconds 
  Import took 0.010143 seconds .

========================================================================
Received Import Request.
  Time since last request: 0.494866 seconds.
  path: Packages/com.unity.render-pipelines.core/Editor/MaterialUpgrader.cs
  artifactKey: Guid(67b996d0727a74b029aff1545143be17) Importer(815301076,1909f56bfc062723c751e8b465ee728b)
Start importing Packages/com.unity.render-pipelines.core/Editor/MaterialUpgrader.cs using Guid(67b996d0727a74b029aff1545143be17) Importer(815301076,1909f56bfc062723c751e8b465ee728b)  -> (artifact id: '92c9f1513e81508e619becd6092f20be') in 0.006182 seconds 
  Import took 0.011424 seconds .

========================================================================
Received Import Request.
  Time since last request: 1.318389 seconds.
  path: Packages/com.unity.render-pipelines.core/Editor/PropertyFetcher.cs
  artifactKey: Guid(ac00489121556c741bc0e67dfb460a8e) Importer(815301076,1909f56bfc062723c751e8b465ee728b)
Start importing Packages/com.unity.render-pipelines.core/Editor/PropertyFetcher.cs using Guid(ac00489121556c741bc0e67dfb460a8e) Importer(815301076,1909f56bfc062723c751e8b465ee728b)  -> (artifact id: '30b0de3b73ad1bad7499a68f97ff264b') in 0.005569 seconds 
  Import took 0.009283 seconds .

========================================================================
Received Import Request.
  Time since last request: 1.337588 seconds.
  path: Packages/com.unity.render-pipelines.core/Editor/QuaternionPropertyDrawer.cs
  artifactKey: Guid(cf0dc9ad57fcb8e4d9ca1c9798d5f270) Importer(815301076,1909f56bfc062723c751e8b465ee728b)
Start importing Packages/com.unity.render-pipelines.core/Editor/QuaternionPropertyDrawer.cs using Guid(cf0dc9ad57fcb8e4d9ca1c9798d5f270) Importer(815301076,1909f56bfc062723c751e8b465ee728b)  -> (artifact id: 'f87035ee450dde8fd5847dad00b6402c') in 0.005622 seconds 
  Import took 0.009712 seconds .

========================================================================
Received Import Request.
  Time since last request: 0.489580 seconds.
  path: Packages/com.unity.render-pipelines.core/Editor/Unity.RenderPipelines.Core.Editor.asmdef
  artifactKey: Guid(3eae0364be2026648bf74846acb8a731) Importer(815301076,1909f56bfc062723c751e8b465ee728b)
Start importing Packages/com.unity.render-pipelines.core/Editor/Unity.RenderPipelines.Core.Editor.asmdef using Guid(3eae0364be2026648bf74846acb8a731) Importer(815301076,1909f56bfc062723c751e8b465ee728b)  -> (artifact id: '757cc29fb3f3e830e1e56694f7e446e1') in 0.005473 seconds 
  Import took 0.009543 seconds .

========================================================================
Received Import Request.
  Time since last request: 0.004973 seconds.
  path: Packages/com.unity.render-pipelines.core/Editor/Unity.RenderPipelines.Core.Editor.asmdef
  artifactKey: Guid(3eae0364be2026648bf74846acb8a731) Importer(815301076,1909f56bfc062723c751e8b465ee728b)
Start importing Packages/com.unity.render-pipelines.core/Editor/Unity.RenderPipelines.Core.Editor.asmdef using Guid(3eae0364be2026648bf74846acb8a731) Importer(815301076,1909f56bfc062723c751e8b465ee728b)  -> (artifact id: '757cc29fb3f3e830e1e56694f7e446e1') in 0.002702 seconds 
  Import took 0.007412 seconds .

========================================================================
Received Import Request.
  Time since last request: 11.118949 seconds.
  path: Packages/com.unity.render-pipelines.core/Runtime/Unity.RenderPipelines.Core.Runtime.asmdef
  artifactKey: Guid(df380645f10b7bc4b97d4f5eb6303d95) Importer(815301076,1909f56bfc062723c751e8b465ee728b)
Start importing Packages/com.unity.render-pipelines.core/Runtime/Unity.RenderPipelines.Core.Runtime.asmdef using Guid(df380645f10b7bc4b97d4f5eb6303d95) Importer(815301076,1909f56bfc062723c751e8b465ee728b)  -> (artifact id: 'c86963bd3c1d369dca3f5e8c19adb739') in 0.006091 seconds 
  Import took 0.010972 seconds .

========================================================================
Received Import Request.
  Time since last request: 24.215708 seconds.
  path: Packages/com.unity.render-pipelines.core/Runtime/Inputs
  artifactKey: Guid(ab163df5559af4efdb19baea5917049c) Importer(815301076,1909f56bfc062723c751e8b465ee728b)
Start importing Packages/com.unity.render-pipelines.core/Runtime/Inputs using Guid(ab163df5559af4efdb19baea5917049c) Importer(815301076,1909f56bfc062723c751e8b465ee728b)  -> (artifact id: 'a2974ad41dd1616629ff71d82e4224f4') in 0.009166 seconds 
  Import took 0.014155 seconds .

========================================================================
Received Import Request.
  Time since last request: 2.441172 seconds.
  path: Packages/com.unity.render-pipelines.core/Runtime/RendererList
  artifactKey: Guid(c21af262a96648f44b2b0e699265eaff) Importer(815301076,1909f56bfc062723c751e8b465ee728b)
Start importing Packages/com.unity.render-pipelines.core/Runtime/RendererList using Guid(c21af262a96648f44b2b0e699265eaff) Importer(815301076,1909f56bfc062723c751e8b465ee728b)  -> (artifact id: '84404db7dd49332aee8fd7a3925f1910') in 0.008060 seconds 
  Import took 0.012711 seconds .

========================================================================
Received Import Request.
  Time since last request: 2.130098 seconds.
  path: Packages/com.unity.render-pipelines.core/Runtime/RendererList/RendererList.cs
  artifactKey: Guid(3874af260a1dbc7408cc79c9de64d5ea) Importer(815301076,1909f56bfc062723c751e8b465ee728b)
Start importing Packages/com.unity.render-pipelines.core/Runtime/RendererList/RendererList.cs using Guid(3874af260a1dbc7408cc79c9de64d5ea) Importer(815301076,1909f56bfc062723c751e8b465ee728b)  -> (artifact id: '78a58c449300abc8edfdd802f29c7adc') in 0.001564 seconds 
  Import took 0.005575 seconds .

========================================================================
Received Import Request.
  Time since last request: 0.001578 seconds.
  path: Packages/com.unity.render-pipelines.core/Runtime/RendererList/RendererList.cs
  artifactKey: Guid(3874af260a1dbc7408cc79c9de64d5ea) Importer(815301076,1909f56bfc062723c751e8b465ee728b)
Start importing Packages/com.unity.render-pipelines.core/Runtime/RendererList/RendererList.cs using Guid(3874af260a1dbc7408cc79c9de64d5ea) Importer(815301076,1909f56bfc062723c751e8b465ee728b)  -> (artifact id: '78a58c449300abc8edfdd802f29c7adc') in 0.001897 seconds 
  Import took 0.005853 seconds .

========================================================================
Received Import Request.
  Time since last request: 43.502927 seconds.
  path: Packages/com.unity.render-pipelines.universal/Editor/LightExplorer.cs
  artifactKey: Guid(dc4f14b5fb9db4e99a705e5f81c13cf5) Importer(815301076,1909f56bfc062723c751e8b465ee728b)
Start importing Packages/com.unity.render-pipelines.universal/Editor/LightExplorer.cs using Guid(dc4f14b5fb9db4e99a705e5f81c13cf5) Importer(815301076,1909f56bfc062723c751e8b465ee728b)  -> (artifact id: 'c355029906476a623f0f004305f7fd28') in 0.005254 seconds 
  Import took 0.010708 seconds .

========================================================================
Received Import Request.
  Time since last request: 0.639081 seconds.
  path: Packages/com.unity.render-pipelines.universal/Editor/ForwardRendererDataEditor.cs
  artifactKey: Guid(83bc10a7c2ad648febccee3b43d25f20) Importer(815301076,1909f56bfc062723c751e8b465ee728b)
Start importing Packages/com.unity.render-pipelines.universal/Editor/ForwardRendererDataEditor.cs using Guid(83bc10a7c2ad648febccee3b43d25f20) Importer(815301076,1909f56bfc062723c751e8b465ee728b)  -> (artifact id: '027e0353490602e81efc0393180fa93c') in 0.004964 seconds 
  Import took 0.009105 seconds .

========================================================================
Received Import Request.
  Time since last request: 0.000851 seconds.
  path: Packages/com.unity.render-pipelines.universal/Editor/ForwardRendererDataEditor.cs
  artifactKey: Guid(83bc10a7c2ad648febccee3b43d25f20) Importer(815301076,1909f56bfc062723c751e8b465ee728b)
Start importing Packages/com.unity.render-pipelines.universal/Editor/ForwardRendererDataEditor.cs using Guid(83bc10a7c2ad648febccee3b43d25f20) Importer(815301076,1909f56bfc062723c751e8b465ee728b)  -> (artifact id: '027e0353490602e81efc0393180fa93c') in 0.002144 seconds 
  Import took 0.007102 seconds .

========================================================================
Received Import Request.
  Time since last request: 8.820679 seconds.
  path: Packages/com.unity.render-pipelines.universal/Editor/UniversalRenderPipelineMaterialUpgrader.cs
  artifactKey: Guid(aec5479bdc442cb4d96b1de3f5e5c818) Importer(815301076,1909f56bfc062723c751e8b465ee728b)
Start importing Packages/com.unity.render-pipelines.universal/Editor/UniversalRenderPipelineMaterialUpgrader.cs using Guid(aec5479bdc442cb4d96b1de3f5e5c818) Importer(815301076,1909f56bfc062723c751e8b465ee728b)  -> (artifact id: 'dc916f9c9d7b83f90ebe0b384c2458fd') in 0.005929 seconds 
  Import took 0.009793 seconds .

========================================================================
Received Import Request.
  Time since last request: 7.446497 seconds.
  path: Assets/Scripts
  artifactKey: Guid(b10f379062656014eb7441086c5083bc) Importer(815301076,1909f56bfc062723c751e8b465ee728b)
Start importing Assets/Scripts using Guid(b10f379062656014eb7441086c5083bc) Importer(815301076,1909f56bfc062723c751e8b465ee728b)  -> (artifact id: '043a7c6d6638ee67e927e9ccbc1d74ba') in 0.005287 seconds 
  Import took 0.009583 seconds .

========================================================================
Received Import Request.
  Time since last request: 0.001000 seconds.
  path: Assets/Scripts
  artifactKey: Guid(b10f379062656014eb7441086c5083bc) Importer(815301076,1909f56bfc062723c751e8b465ee728b)
Start importing Assets/Scripts using Guid(b10f379062656014eb7441086c5083bc) Importer(815301076,1909f56bfc062723c751e8b465ee728b)  -> (artifact id: '043a7c6d6638ee67e927e9ccbc1d74ba') in 0.002173 seconds 
  Import took 0.007005 seconds .

AssetImportWorkerClient::OnTransportError - code=2 error=End of file
