Using pre-set license
Built from '2020.3/release' branch; Version is '2020.3.15f2 (6cf78cb77498) revision 7141260'; Using compiler version '192528614'; Build Type 'Release'
OS: 'Windows 10 Home Single Language; OS build 19042.1110; Version 2009; 64bit' Language: 'es' Physical Memory: 16188 MB
BatchMode: 1, IsHumanControllingUs: 0, StartBugReporterOnCrash: 0, Is64bit: 1, IsPro: 0

 COMMAND LINE ARGUMENTS:
C:\Program Files\Unity\Hub\Editor\2020.3.15f2\Editor\Unity.exe
-adb2
-batchMode
-noUpm
-name
AssetImportWorker0
-projectPath
E:/Personal/ESCUELA/GAME_DEV_II/1 Game/GameDev201-1/Demonation
-logFile
Logs/AssetImportWorker0.log
-srvPort
51960
Successfully changed project path to: E:/Personal/ESCUELA/GAME_DEV_II/1 Game/GameDev201-1/Demonation
E:/Personal/ESCUELA/GAME_DEV_II/1 Game/GameDev201-1/Demonation
Using Asset Import Pipeline V2.
Refreshing native plugins compatible for Editor in 52.54 ms, found 2 plugins.
Preloading 0 native plugins for Editor in 0.00 ms.
Initialize engine version: 2020.3.15f2 (6cf78cb77498)
[Subsystems] Discovering subsystems at path C:/Program Files/Unity/Hub/Editor/2020.3.15f2/Editor/Data/Resources/UnitySubsystems
[Subsystems] Discovering subsystems at path E:/Personal/ESCUELA/GAME_DEV_II/1 Game/GameDev201-1/Demonation/Assets
GfxDevice: creating device client; threaded=0
Direct3D:
    Version:  Direct3D 11.0 [level 11.1]
    Renderer: NVIDIA GeForce RTX 2060 (ID=0x1f11)
    Vendor:   
    VRAM:     5980 MB
    Driver:   30.0.14.7141
Shader 'Universal Render Pipeline/Particles/Lit': fallback shader 'Universal Render Pipeline/Particles/SimpleLit' not found
Initialize mono
Mono path[0] = 'C:/Program Files/Unity/Hub/Editor/2020.3.15f2/Editor/Data/Managed'
Mono path[1] = 'C:/Program Files/Unity/Hub/Editor/2020.3.15f2/Editor/Data/MonoBleedingEdge/lib/mono/unityjit'
Mono config path = 'C:/Program Files/Unity/Hub/Editor/2020.3.15f2/Editor/Data/MonoBleedingEdge/etc'
Using monoOptions --debugger-agent=transport=dt_socket,embedding=1,server=y,suspend=n,address=127.0.0.1:56948
Begin MonoManager ReloadAssembly
Registering precompiled unity dll's ...
Register platform support module: C:/Program Files/Unity/Hub/Editor/2020.3.15f2/Editor/Data/PlaybackEngines/WindowsStandaloneSupport/UnityEditor.WindowsStandalone.Extensions.dll
Registered in 0.001810 seconds.
Native extension for WindowsStandalone target not found
Refreshing native plugins compatible for Editor in 49.74 ms, found 2 plugins.
Preloading 0 native plugins for Editor in 0.00 ms.
Mono: successfully reloaded assembly
- Completed reload, in  1.915 seconds
Domain Reload Profiling:
	ReloadAssembly (1915ms)
		BeginReloadAssembly (55ms)
			ExecutionOrderSort (0ms)
			DisableScriptedObjects (0ms)
			BackupInstance (0ms)
			ReleaseScriptingObjects (0ms)
			CreateAndSetChildDomain (1ms)
		EndReloadAssembly (593ms)
			LoadAssemblies (53ms)
			RebuildTransferFunctionScriptingTraits (0ms)
			SetupTypeCache (312ms)
			ReleaseScriptCaches (0ms)
			RebuildScriptCaches (30ms)
			SetupLoadedEditorAssemblies (180ms)
				LogAssemblyErrors (0ms)
				InitializePlatformSupportModulesInManaged (4ms)
				SetLoadedEditorAssemblies (0ms)
				RefreshPlugins (50ms)
				BeforeProcessingInitializeOnLoad (15ms)
				ProcessInitializeOnLoadAttributes (82ms)
				ProcessInitializeOnLoadMethodAttributes (28ms)
				AfterProcessingInitializeOnLoad (0ms)
				EditorAssembliesLoaded (0ms)
			ExecutionOrderSort2 (0ms)
			AwakeInstancesAfterBackupRestoration (0ms)
Platform modules already initialized, skipping
Registering precompiled user dll's ...
Registered in 0.003010 seconds.
Begin MonoManager ReloadAssembly
Native extension for WindowsStandalone target not found
Refreshing native plugins compatible for Editor in 49.28 ms, found 2 plugins.
Preloading 0 native plugins for Editor in 0.00 ms.
Mono: successfully reloaded assembly
- Completed reload, in  1.330 seconds
Domain Reload Profiling:
	ReloadAssembly (1331ms)
		BeginReloadAssembly (148ms)
			ExecutionOrderSort (0ms)
			DisableScriptedObjects (5ms)
			BackupInstance (0ms)
			ReleaseScriptingObjects (0ms)
			CreateAndSetChildDomain (19ms)
		EndReloadAssembly (1121ms)
			LoadAssemblies (94ms)
			RebuildTransferFunctionScriptingTraits (0ms)
			SetupTypeCache (360ms)
			ReleaseScriptCaches (1ms)
			RebuildScriptCaches (54ms)
			SetupLoadedEditorAssemblies (470ms)
				LogAssemblyErrors (0ms)
				InitializePlatformSupportModulesInManaged (3ms)
				SetLoadedEditorAssemblies (0ms)
				RefreshPlugins (49ms)
				BeforeProcessingInitializeOnLoad (84ms)
				ProcessInitializeOnLoadAttributes (321ms)
				ProcessInitializeOnLoadMethodAttributes (4ms)
				AfterProcessingInitializeOnLoad (7ms)
				EditorAssembliesLoaded (1ms)
			ExecutionOrderSort2 (0ms)
			AwakeInstancesAfterBackupRestoration (9ms)
Platform modules already initialized, skipping
========================================================================
Worker process is ready to serve import requests
Shader 'Universal Render Pipeline/Particles/Lit': fallback shader 'Universal Render Pipeline/Particles/SimpleLit' not found
Launched and connected shader compiler UnityShaderCompiler.exe after 0.07 seconds
Refreshing native plugins compatible for Editor in 0.99 ms, found 2 plugins.
Preloading 0 native plugins for Editor in 0.00 ms.
Unloading 2701 Unused Serialized files (Serialized files now loaded: 0)
System memory in use before: 123.1 MB.
System memory in use after: 123.3 MB.

Unloading 19 unused Assets to reduce memory usage. Loaded Objects now: 3135.
Total: 3.267200 ms (FindLiveObjects: 0.430200 ms CreateObjectMapping: 0.152000 ms MarkObjects: 2.574500 ms  DeleteObjects: 0.107200 ms)

AssetImportParameters requested are different than current active one (requested -> active):
  custom:framework-win-MediaFoundation: 216162199b28c13a410421893ffa2e32 -> 
  custom:video-decoder-ogg-theora: a1e56fd34408186e4bbccfd4996cb3dc -> 
  custom:container-muxer-webm: aa71ff27fc2769a1b78a27578f13a17b -> 
  custom:container-demuxer-webm: 4f35f7cbe854078d1ac9338744f61a02 -> 
  custom:container-demuxer-ogg: 62fdf1f143b41e24485cea50d1cbac27 -> 
  custom:video-encoder-webm-vp8: eb34c28f22e8b96e1ab97ce403110664 -> 
  custom:video-decoder-webm-vp8: 9c59270c3fd7afecdb556c50c9e8de78 -> 
  custom:audio-decoder-ogg-vorbis: bf7c407c2cedff20999df2af8eb42d56 -> 
  custom:audio-encoder-webm-vorbis: bf7c407c2cedff20999df2af8eb42d56 -> 
========================================================================
Received Import Request.
  path: Assets/Models/CH_DemonLord.fbx
  artifactKey: Guid(fcc33ed45527d6648baa828c92fdd0d0) Importer(815301076,1909f56bfc062723c751e8b465ee728b)
Start importing Assets/Models/CH_DemonLord.fbx using Guid(fcc33ed45527d6648baa828c92fdd0d0) Importer(815301076,1909f56bfc062723c751e8b465ee728b)  -> (artifact id: 'f5becb4129740fc98cfbdbc37fdc002d') in 0.369717 seconds 
  Import took 0.375391 seconds .

========================================================================
Received Import Request.
  Time since last request: 530.679405 seconds.
  path: Assets/Models/demon_v1.blend
  artifactKey: Guid(bcfa2199e5059a445bb191732e5cc55d) Importer(815301076,1909f56bfc062723c751e8b465ee728b)
Start importing Assets/Models/demon_v1.blend using Guid(bcfa2199e5059a445bb191732e5cc55d) Importer(815301076,1909f56bfc062723c751e8b465ee728b)  -> (artifact id: 'ae9a7c1e11948e784440b0ae6712ee79') in 0.079677 seconds 
  Import took 0.087757 seconds .

========================================================================
Received Import Request.
  Time since last request: 0.807576 seconds.
  path: Assets/Models/CH_DemonLord.fbx
  artifactKey: Guid(fcc33ed45527d6648baa828c92fdd0d0) Importer(815301076,1909f56bfc062723c751e8b465ee728b)
Start importing Assets/Models/CH_DemonLord.fbx using Guid(fcc33ed45527d6648baa828c92fdd0d0) Importer(815301076,1909f56bfc062723c751e8b465ee728b)  -> (artifact id: '77899878b2c064ebdcb30efcf895b2e6') in 0.046122 seconds 
  Import took 0.050267 seconds .

========================================================================
Received Import Request.
  Time since last request: 14.162010 seconds.
  path: Assets/Models/demon_v1.blend
  artifactKey: Guid(bcfa2199e5059a445bb191732e5cc55d) Importer(815301076,1909f56bfc062723c751e8b465ee728b)
Start importing Assets/Models/demon_v1.blend using Guid(bcfa2199e5059a445bb191732e5cc55d) Importer(815301076,1909f56bfc062723c751e8b465ee728b)  -> (artifact id: '630cc25604099aa7b51d98464046d111') in 0.083364 seconds 
  Import took 0.089177 seconds .

========================================================================
Received Import Request.
  Time since last request: 63.791947 seconds.
  path: Assets/Models/CH_DemonLord.fbx
  artifactKey: Guid(fcc33ed45527d6648baa828c92fdd0d0) Importer(815301076,1909f56bfc062723c751e8b465ee728b)
Start importing Assets/Models/CH_DemonLord.fbx using Guid(fcc33ed45527d6648baa828c92fdd0d0) Importer(815301076,1909f56bfc062723c751e8b465ee728b)  -> (artifact id: 'b27b9c46df5f7fb959ecba8353bdce95') in 0.058905 seconds 
  Import took 0.063756 seconds .

========================================================================
Received Import Request.
  Time since last request: 19.206240 seconds.
  path: Assets/Models/CH_DemonLord.fbx
  artifactKey: Guid(fcc33ed45527d6648baa828c92fdd0d0) Importer(815301076,1909f56bfc062723c751e8b465ee728b)
Start importing Assets/Models/CH_DemonLord.fbx using Guid(fcc33ed45527d6648baa828c92fdd0d0) Importer(815301076,1909f56bfc062723c751e8b465ee728b)  -> (artifact id: 'dfa4064892afa2784e027bdcd64c8808') in 0.042216 seconds 
  Import took 0.048225 seconds .

========================================================================
Received Prepare
Registering precompiled user dll's ...
Registered in 0.007536 seconds.
Begin MonoManager ReloadAssembly
Native extension for WindowsStandalone target not found
Refreshing native plugins compatible for Editor in 1.24 ms, found 2 plugins.
Preloading 0 native plugins for Editor in 0.00 ms.
Mono: successfully reloaded assembly
- Completed reload, in  1.803 seconds
Domain Reload Profiling:
	ReloadAssembly (1803ms)
		BeginReloadAssembly (173ms)
			ExecutionOrderSort (0ms)
			DisableScriptedObjects (9ms)
			BackupInstance (0ms)
			ReleaseScriptingObjects (0ms)
			CreateAndSetChildDomain (53ms)
		EndReloadAssembly (1541ms)
			LoadAssemblies (150ms)
			RebuildTransferFunctionScriptingTraits (0ms)
			SetupTypeCache (493ms)
			ReleaseScriptCaches (1ms)
			RebuildScriptCaches (60ms)
			SetupLoadedEditorAssemblies (612ms)
				LogAssemblyErrors (0ms)
				InitializePlatformSupportModulesInManaged (7ms)
				SetLoadedEditorAssemblies (1ms)
				RefreshPlugins (2ms)
				BeforeProcessingInitializeOnLoad (170ms)
				ProcessInitializeOnLoadAttributes (417ms)
				ProcessInitializeOnLoadMethodAttributes (6ms)
				AfterProcessingInitializeOnLoad (7ms)
				EditorAssembliesLoaded (0ms)
			ExecutionOrderSort2 (0ms)
			AwakeInstancesAfterBackupRestoration (21ms)
Platform modules already initialized, skipping
Shader 'Universal Render Pipeline/Particles/Lit': fallback shader 'Universal Render Pipeline/Particles/SimpleLit' not found
Refreshing native plugins compatible for Editor in 0.58 ms, found 2 plugins.
Preloading 0 native plugins for Editor in 0.00 ms.
Unloading 2591 Unused Serialized files (Serialized files now loaded: 0)
System memory in use before: 121.5 MB.
System memory in use after: 121.7 MB.

Unloading 14 unused Assets to reduce memory usage. Loaded Objects now: 3185.
Total: 3.599100 ms (FindLiveObjects: 0.528000 ms CreateObjectMapping: 0.190000 ms MarkObjects: 2.856500 ms  DeleteObjects: 0.022300 ms)

AssetImportParameters requested are different than current active one (requested -> active):
  custom:framework-win-MediaFoundation: 216162199b28c13a410421893ffa2e32 -> 
  custom:video-decoder-ogg-theora: a1e56fd34408186e4bbccfd4996cb3dc -> 
  custom:container-muxer-webm: aa71ff27fc2769a1b78a27578f13a17b -> 
  custom:container-demuxer-webm: 4f35f7cbe854078d1ac9338744f61a02 -> 
  custom:container-demuxer-ogg: 62fdf1f143b41e24485cea50d1cbac27 -> 
  custom:video-encoder-webm-vp8: eb34c28f22e8b96e1ab97ce403110664 -> 
  custom:video-decoder-webm-vp8: 9c59270c3fd7afecdb556c50c9e8de78 -> 
  custom:audio-decoder-ogg-vorbis: bf7c407c2cedff20999df2af8eb42d56 -> 
  custom:audio-encoder-webm-vorbis: bf7c407c2cedff20999df2af8eb42d56 -> 
========================================================================
Received Import Request.
  Time since last request: 628.717289 seconds.
  path: Assets/Materials/Sub_RimLight.shadersubgraph
  artifactKey: Guid(6acecf2806868cb4988c3a2a8746357d) Importer(815301076,1909f56bfc062723c751e8b465ee728b)
Start importing Assets/Materials/Sub_RimLight.shadersubgraph using Guid(6acecf2806868cb4988c3a2a8746357d) Importer(815301076,1909f56bfc062723c751e8b465ee728b)  -> (artifact id: '6a781d7e65c8fd339bff5069263ea10d') in 0.030609 seconds 
  Import took 0.037416 seconds .

AssetImportWorkerClient::OnTransportError - code=2 error=End of file
